<?xml version="1.0" encoding="UTF-8"?>
<testng-results ignored="0" total="1" passed="1" failed="0" skipped="0">
  <reporter-output>
  </reporter-output>
  <suite started-at="2022-01-09T13:15:17 IST" name="Default suite" finished-at="2022-01-09T13:15:31 IST" duration-ms="14055">
    <groups>
    </groups>
    <test started-at="2022-01-09T13:15:17 IST" name="Default test" finished-at="2022-01-09T13:15:31 IST" duration-ms="14055">
      <class name="com.apt.qa.testcases.LoginPageTest">
        <test-method is-config="true" signature="setUp()[pri:0, instance:com.apt.qa.testcases.LoginPageTest@43195e57]" started-at="2022-01-09T13:15:17 IST" name="setUp" finished-at="2022-01-09T13:15:27 IST" duration-ms="10118" status="PASS">
          <reporter-output>
          </reporter-output>
        </test-method> <!-- setUp -->
        <test-method signature="loginPageTitleTest()[pri:1, instance:com.apt.qa.testcases.LoginPageTest@43195e57]" started-at="2022-01-09T13:15:27 IST" name="loginPageTitleTest" finished-at="2022-01-09T13:15:29 IST" duration-ms="2333" status="PASS">
          <reporter-output>
          </reporter-output>
        </test-method> <!-- loginPageTitleTest -->
        <test-method is-config="true" signature="tearDown()[pri:0, instance:com.apt.qa.testcases.LoginPageTest@43195e57]" started-at="2022-01-09T13:15:29 IST" name="tearDown" finished-at="2022-01-09T13:15:31 IST" duration-ms="1514" status="PASS">
          <reporter-output>
          </reporter-output>
        </test-method> <!-- tearDown -->
      </class> <!-- com.apt.qa.testcases.LoginPageTest -->
    </test> <!-- Default test -->
  </suite> <!-- Default suite -->
</testng-results>
