<?xml version="1.0" encoding="UTF-8"?>
<testng-results ignored="0" total="1" passed="1" failed="0" skipped="0">
  <reporter-output>
  </reporter-output>
  <suite started-at="2022-01-05T16:20:06 IST" name="Default suite" finished-at="2022-01-05T16:20:37 IST" duration-ms="30583">
    <groups>
    </groups>
    <test started-at="2022-01-05T16:20:06 IST" name="Default test" finished-at="2022-01-05T16:20:37 IST" duration-ms="30583">
      <class name="com.apt.qa.testcases.LoginPageTest">
        <test-method is-config="true" signature="setUp()[pri:0, instance:com.apt.qa.testcases.LoginPageTest@5a56cdac]" started-at="2022-01-05T16:20:06 IST" name="setUp" finished-at="2022-01-05T16:20:25 IST" duration-ms="18179" status="PASS">
          <reporter-output>
          </reporter-output>
        </test-method> <!-- setUp -->
        <test-method signature="loginPageTitleTest()[pri:1, instance:com.apt.qa.testcases.LoginPageTest@5a56cdac]" started-at="2022-01-05T16:20:25 IST" name="loginPageTitleTest" finished-at="2022-01-05T16:20:37 IST" duration-ms="12076" status="PASS">
          <reporter-output>
          </reporter-output>
        </test-method> <!-- loginPageTitleTest -->
        <test-method is-config="true" signature="tearDown()[pri:0, instance:com.apt.qa.testcases.LoginPageTest@5a56cdac]" started-at="2022-01-05T16:20:37 IST" name="tearDown" finished-at="2022-01-05T16:20:37 IST" duration-ms="265" status="PASS">
          <reporter-output>
          </reporter-output>
        </test-method> <!-- tearDown -->
      </class> <!-- com.apt.qa.testcases.LoginPageTest -->
    </test> <!-- Default test -->
  </suite> <!-- Default suite -->
</testng-results>
